<?xml version="1.0" encoding="UTF-8"?>
<!-- Generated by org.testng.reporters.JUnitXMLReporter -->
<testsuite hostname="LAPTOP-0EMTL38U" ignored="0" name="Test" tests="12" failures="0" timestamp="2021-04-07T07:42:11 IST" time="0.117" errors="0">
  <testcase name="div" time="0.013" classname="com.qa.tests.DemoTest1"/>
  <testcase name="multi" time="0.004" classname="com.qa.tests.DemoTest1"/>
  <testcase name="sub" time="0.0" classname="com.qa.tests.DemoTest1"/>
  <testcase name="sum" time="0.001" classname="com.qa.tests.DemoTest1"/>
  <testcase name="div" time="0.001" classname="com.qa.tests.DemoTest2"/>
  <testcase name="multi" time="0.0" classname="com.qa.tests.DemoTest2"/>
  <testcase name="sub" time="0.001" classname="com.qa.tests.DemoTest2"/>
  <testcase name="sum" time="0.001" classname="com.qa.tests.DemoTest2"/>
  <testcase name="div" time="0.003" classname="com.qa.tests.DemoTest"/>
  <testcase name="multi" time="0.0" classname="com.qa.tests.DemoTest"/>
  <testcase name="sub" time="0.001" classname="com.qa.tests.DemoTest"/>
  <testcase name="sum" time="0.0" classname="com.qa.tests.DemoTest"/>
</testsuite> <!-- Test -->
