<?xml version="1.0" encoding="UTF-8"?>
<testng-results skipped="0" failed="0" ignored="0" total="12" passed="12">
  <reporter-output>
  </reporter-output>
  <suite name="Suite" duration-ms="117" started-at="2021-04-07T07:42:11 IST" finished-at="2021-04-07T07:42:11 IST">
    <groups>
    </groups>
    <test name="Test" duration-ms="117" started-at="2021-04-07T07:42:11 IST" finished-at="2021-04-07T07:42:11 IST">
      <class name="com.qa.tests.DemoTest">
        <test-method status="PASS" signature="div()[pri:0, instance:com.qa.tests.DemoTest@335eadca]" name="div" duration-ms="3" started-at="2021-04-07T07:42:11 IST" finished-at="2021-04-07T07:42:11 IST">
          <reporter-output>
          </reporter-output>
        </test-method> <!-- div -->
        <test-method status="PASS" signature="multi()[pri:0, instance:com.qa.tests.DemoTest@335eadca]" name="multi" duration-ms="0" started-at="2021-04-07T07:42:11 IST" finished-at="2021-04-07T07:42:11 IST">
          <reporter-output>
          </reporter-output>
        </test-method> <!-- multi -->
        <test-method status="PASS" signature="sub()[pri:0, instance:com.qa.tests.DemoTest@335eadca]" name="sub" duration-ms="1" started-at="2021-04-07T07:42:11 IST" finished-at="2021-04-07T07:42:11 IST">
          <reporter-output>
          </reporter-output>
        </test-method> <!-- sub -->
        <test-method status="PASS" signature="sum()[pri:0, instance:com.qa.tests.DemoTest@335eadca]" name="sum" duration-ms="0" started-at="2021-04-07T07:42:11 IST" finished-at="2021-04-07T07:42:11 IST">
          <reporter-output>
          </reporter-output>
        </test-method> <!-- sum -->
      </class> <!-- com.qa.tests.DemoTest -->
      <class name="com.qa.tests.DemoTest1">
        <test-method status="PASS" signature="div()[pri:0, instance:com.qa.tests.DemoTest1@527740a2]" name="div" duration-ms="13" started-at="2021-04-07T07:42:11 IST" finished-at="2021-04-07T07:42:11 IST">
          <reporter-output>
          </reporter-output>
        </test-method> <!-- div -->
        <test-method status="PASS" signature="multi()[pri:0, instance:com.qa.tests.DemoTest1@527740a2]" name="multi" duration-ms="4" started-at="2021-04-07T07:42:11 IST" finished-at="2021-04-07T07:42:11 IST">
          <reporter-output>
          </reporter-output>
        </test-method> <!-- multi -->
        <test-method status="PASS" signature="sub()[pri:0, instance:com.qa.tests.DemoTest1@527740a2]" name="sub" duration-ms="0" started-at="2021-04-07T07:42:11 IST" finished-at="2021-04-07T07:42:11 IST">
          <reporter-output>
          </reporter-output>
        </test-method> <!-- sub -->
        <test-method status="PASS" signature="sum()[pri:0, instance:com.qa.tests.DemoTest1@527740a2]" name="sum" duration-ms="1" started-at="2021-04-07T07:42:11 IST" finished-at="2021-04-07T07:42:11 IST">
          <reporter-output>
          </reporter-output>
        </test-method> <!-- sum -->
      </class> <!-- com.qa.tests.DemoTest1 -->
      <class name="com.qa.tests.DemoTest2">
        <test-method status="PASS" signature="div()[pri:0, instance:com.qa.tests.DemoTest2@67784306]" name="div" duration-ms="1" started-at="2021-04-07T07:42:11 IST" finished-at="2021-04-07T07:42:11 IST">
          <reporter-output>
          </reporter-output>
        </test-method> <!-- div -->
        <test-method status="PASS" signature="multi()[pri:0, instance:com.qa.tests.DemoTest2@67784306]" name="multi" duration-ms="0" started-at="2021-04-07T07:42:11 IST" finished-at="2021-04-07T07:42:11 IST">
          <reporter-output>
          </reporter-output>
        </test-method> <!-- multi -->
        <test-method status="PASS" signature="sub()[pri:0, instance:com.qa.tests.DemoTest2@67784306]" name="sub" duration-ms="1" started-at="2021-04-07T07:42:11 IST" finished-at="2021-04-07T07:42:11 IST">
          <reporter-output>
          </reporter-output>
        </test-method> <!-- sub -->
        <test-method status="PASS" signature="sum()[pri:0, instance:com.qa.tests.DemoTest2@67784306]" name="sum" duration-ms="1" started-at="2021-04-07T07:42:11 IST" finished-at="2021-04-07T07:42:11 IST">
          <reporter-output>
          </reporter-output>
        </test-method> <!-- sum -->
      </class> <!-- com.qa.tests.DemoTest2 -->
    </test> <!-- Test -->
  </suite> <!-- Suite -->
</testng-results>
